[STEP] [2023-10-20 20:01:23] Initializing restore process
[STEP] [2023-10-20 20:01:23] Looking for PHP CLI executable file.
[WARN] [2023-10-20 20:01:23] Could not find proper PHP CLI executable, this process may be unstable.
[SUCCESS] [2023-10-20 20:01:23] Restore process responded
[SUCCESS] [2023-10-20 20:01:23] Locking migration process
[STEP] [2023-10-20 20:01:23] Initializing restore process
[INFO] [2023-10-20 20:01:23] Backup & Migration version: 1.3.3
[INFO] [2023-10-20 20:01:23] Initializing custom error handler
[INFO] [2023-10-20 20:01:23] Site which will be restored: http://localhost:8888/Planty
[INFO] [2023-10-20 20:01:23] PHP Version: 7.4.33
[INFO] [2023-10-20 20:01:23] WP Version: 6.3.2
[INFO] [2023-10-20 20:01:23] MySQL Version: 5.7.39
[INFO] [2023-10-20 20:01:23] MySQL Max Length: 4194304
[INFO] [2023-10-20 20:01:23] Web server: Apache/2.4.54 (Unix) OpenSSL/1.0.2u PHP/7.4.33 mod_wsgi/3.5 Python/2.7.18 mod_fastcgi/mod_fastcgi-SNAP-0910052141 mod_perl/2.0.11 Perl/v5.30.1
[INFO] [2023-10-20 20:01:23] Max execution time (in seconds): 30
[INFO] [2023-10-20 20:01:23] Memory limit (server): 128M
[INFO] [2023-10-20 20:01:23] Memory limit (wp-config): 40M
[INFO] [2023-10-20 20:01:23] Memory limit (wp-config admin): 256M
[SUCCESS] [2023-10-20 20:01:23] Restore process initialized successfully.
[STEP] [2023-10-20 20:01:23] Free space checking...
[INFO] [2023-10-20 20:01:23] Checking if there is enough amount of free space
[INFO] [2023-10-20 20:01:23] Requires at least 34470560 bytes. [32.87 MB]
[INFO] [2023-10-20 20:01:23] Disk free space function is not disabled - using it...
[INFO] [2023-10-20 20:01:23] Checking this path/partition: /Applications/MAMP/htdocs/Planty/wp-content/backup-migration/backups
[SUCCESS] [2023-10-20 20:01:23] There is 100,468.45 MB free. [98.11 GB]
[SUCCESS] [2023-10-20 20:01:23] Great! We have enough space.
[SUCCESS] [2023-10-20 20:01:23] Confirmed, there is enough space on the device, checked: 34470560 bytes.
[STEP] [2023-10-20 20:01:23] Making new secret key for current restore process.
[SUCCESS] [2023-10-20 20:01:23] Secret key generated, it will be returned to you (ping).
[INFO] [2023-10-20 20:01:24] Secret key detected successfully (pong)!
[INFO] [2023-10-20 20:01:24] Making temporary directory
[STEP] [2023-10-20 20:01:24] Scanning archive...
[INFO] [2023-10-20 20:01:24] Scan found 546 files inside the backup.
[STEP] [2023-10-20 20:01:24] Preparing batching technique for extraction...
[INFO] [2023-10-20 20:01:24] Files exported per batch: 50
[INFO] [2023-10-20 20:01:24] Using ZipArchive, omiting memory limit calculations...
[INFO] [2023-10-20 20:01:24] Extraction milestone: 50/547 (9.32%)
[INFO] [2023-10-20 20:01:25] Extraction milestone: 100/547 (18.46%)
[INFO] [2023-10-20 20:01:25] Extraction milestone: 150/547 (27.61%)
[INFO] [2023-10-20 20:01:26] Extraction milestone: 200/547 (36.75%)
[INFO] [2023-10-20 20:01:26] Extraction milestone: 250/547 (45.89%)
[INFO] [2023-10-20 20:01:26] Extraction milestone: 300/547 (55.03%)
[INFO] [2023-10-20 20:01:27] Extraction milestone: 350/547 (64.17%)
[INFO] [2023-10-20 20:01:27] Extraction milestone: 400/547 (73.31%)
[INFO] [2023-10-20 20:01:27] Extraction milestone: 450/547 (82.45%)
[INFO] [2023-10-20 20:01:28] Extraction milestone: 500/547 (91.59%)
[INFO] [2023-10-20 20:01:28] Extraction milestone: 547/547 (100.00%)
[SUCCESS] [2023-10-20 20:01:28] Files extracted...
[STEP] [2023-10-20 20:01:28] Saving wp-config file...
[SUCCESS] [2023-10-20 20:01:28] File wp-config saved
[STEP] [2023-10-20 20:01:29] Getting backup manifest...
[SUCCESS] [2023-10-20 20:01:29] Manifest loaded
[INFO] [2023-10-20 20:01:29] Backup Migration version used for that backup: 1.3.3
[STEP] [2023-10-20 20:01:29] Restoring files (this process may take a while)...
[INFO] [2023-10-20 20:01:29] File replacement progress: 500/532 (93%)
[INFO] [2023-10-20 20:01:29] File replacement progress: 532/532 (100%)
[SUCCESS] [2023-10-20 20:01:29] All files restored successfully.
[STEP] [2023-10-20 20:01:29] Validating table prefix...
[INFO] [2023-10-20 20:01:29] Table prefix in manifest: wp_
[INFO] [2023-10-20 20:01:29] Detected table prefix: wp_
[INFO] [2023-10-20 20:01:29] Le processus de fractionnement est désactivé car le moteur de restauration v3 est activé.
[STEP] [2023-10-20 20:01:30] Vérification de la structure de la base de données...
[INFO] [2023-10-20 20:01:30] Successfully detected backup created with v3 engine, importing...
[STEP] [2023-10-20 20:01:30] Restoring database (using v4 engine)...
[STEP] [2023-10-20 20:01:30] Démarrage de la restauration de la table wp_commentmeta 1/13 (7.69%)
[INFO] [2023-10-20 20:01:30] Progression de wp_commentmeta : 1/2 (50.00%)
[SUCCESS] [2023-10-20 20:01:30] La restauration de la table wp_commentmeta a pris 0.17756 secondes
[STEP] [2023-10-20 20:01:30] Démarrage de la restauration de la table wp_comments 2/13 (15.38%)
[INFO] [2023-10-20 20:01:30] Progression de wp_comments : 1/2 (50.00%)
[SUCCESS] [2023-10-20 20:01:30] La restauration de la table wp_comments a pris 0.42994 secondes
[STEP] [2023-10-20 20:01:30] Démarrage de la restauration de la table wp_e_events 3/13 (23.08%)
[INFO] [2023-10-20 20:01:30] Progression de wp_e_events : 1/3 (33.33%)
[INFO] [2023-10-20 20:01:30] Progression de wp_e_events : 2/3 (66.67%)
[SUCCESS] [2023-10-20 20:01:30] La restauration de la table wp_e_events a pris 0.95008 secondes
[STEP] [2023-10-20 20:01:31] Démarrage de la restauration de la table wp_links 4/13 (30.77%)
[INFO] [2023-10-20 20:01:31] Progression de wp_links : 1/2 (50.00%)
[SUCCESS] [2023-10-20 20:01:31] La restauration de la table wp_links a pris 0.19172 secondes
[STEP] [2023-10-20 20:01:31] Démarrage de la restauration de la table wp_options 5/13 (38.46%)
[INFO] [2023-10-20 20:01:31] Progression de wp_options : 1/4 (25.00%)
[INFO] [2023-10-20 20:01:31] Progression de wp_options : 2/4 (50.00%)
[INFO] [2023-10-20 20:01:32] Progression de wp_options : 3/4 (75.00%)
[SUCCESS] [2023-10-20 20:01:32] La restauration de la table wp_options a pris 1.31908 secondes
[STEP] [2023-10-20 20:01:32] Démarrage de la restauration de la table wp_postmeta 6/13 (46.15%)
[INFO] [2023-10-20 20:01:32] Progression de wp_postmeta : 1/3 (33.33%)
[INFO] [2023-10-20 20:01:32] Progression de wp_postmeta : 2/3 (66.67%)
[SUCCESS] [2023-10-20 20:01:32] La restauration de la table wp_postmeta a pris 0.78185 secondes
[STEP] [2023-10-20 20:01:32] Démarrage de la restauration de la table wp_posts 7/13 (53.85%)
[INFO] [2023-10-20 20:01:32] Progression de wp_posts : 1/3 (33.33%)
[INFO] [2023-10-20 20:01:33] Progression de wp_posts : 2/3 (66.67%)
[SUCCESS] [2023-10-20 20:01:33] La restauration de la table wp_posts a pris 1.29050 secondes
[STEP] [2023-10-20 20:01:33] Démarrage de la restauration de la table wp_term_relationships 8/13 (61.54%)
[INFO] [2023-10-20 20:01:33] Progression de wp_term_relationships : 1/3 (33.33%)
[INFO] [2023-10-20 20:01:33] Progression de wp_term_relationships : 2/3 (66.67%)
[SUCCESS] [2023-10-20 20:01:33] La restauration de la table wp_term_relationships a pris 0.71546 secondes
[STEP] [2023-10-20 20:01:33] Démarrage de la restauration de la table wp_term_taxonomy 9/13 (69.23%)
[INFO] [2023-10-20 20:01:33] Progression de wp_term_taxonomy : 1/3 (33.33%)
[INFO] [2023-10-20 20:01:34] Progression de wp_term_taxonomy : 2/3 (66.67%)
[SUCCESS] [2023-10-20 20:01:34] La restauration de la table wp_term_taxonomy a pris 1.13978 secondes
[STEP] [2023-10-20 20:01:34] Démarrage de la restauration de la table wp_termmeta 10/13 (76.92%)
[INFO] [2023-10-20 20:01:34] Progression de wp_termmeta : 1/2 (50.00%)
[SUCCESS] [2023-10-20 20:01:34] La restauration de la table wp_termmeta a pris 0.37954 secondes
[STEP] [2023-10-20 20:01:34] Démarrage de la restauration de la table wp_terms 11/13 (84.62%)
[INFO] [2023-10-20 20:01:34] Progression de wp_terms : 1/3 (33.33%)
[INFO] [2023-10-20 20:01:34] Progression de wp_terms : 2/3 (66.67%)
[SUCCESS] [2023-10-20 20:01:34] La restauration de la table wp_terms a pris 0.80399 secondes
[STEP] [2023-10-20 20:01:35] Démarrage de la restauration de la table wp_usermeta 12/13 (92.31%)
[INFO] [2023-10-20 20:01:35] Progression de wp_usermeta : 1/3 (33.33%)
[INFO] [2023-10-20 20:01:35] Progression de wp_usermeta : 2/3 (66.67%)
[SUCCESS] [2023-10-20 20:01:35] La restauration de la table wp_usermeta a pris 0.24482 secondes
[STEP] [2023-10-20 20:01:35] Démarrage de la restauration de la table wp_users 13/13 (100.00%)
[INFO] [2023-10-20 20:01:35] Progression de wp_users : 1/3 (33.33%)
[INFO] [2023-10-20 20:01:35] Progression de wp_users : 2/3 (66.67%)
[SUCCESS] [2023-10-20 20:01:35] La restauration de la table wp_users a pris 0.68442 secondes
[STEP] [2023-10-20 20:01:36] Exécution de la recherche et du remplacement
[INFO] [2023-10-20 20:01:36] Page size for that restoration: 50
[STEP] [2023-10-20 20:01:36] Performing database adjustments for table 1/13: 1697831909_wp_commentmeta (7.69%)
[INFO] [2023-10-20 20:01:37] Adjustments are not required for this table.
[STEP] [2023-10-20 20:01:37] Performing database adjustments for table 2/13: 1697831909_wp_comments (15.38%)
[INFO] [2023-10-20 20:01:38] Adjustments are not required for this table.
[STEP] [2023-10-20 20:01:38] Performing database adjustments for table 3/13: 1697831909_wp_e_events (23.08%)
[INFO] [2023-10-20 20:01:40] Adjustments are not required for this table.
[STEP] [2023-10-20 20:01:40] Performing database adjustments for table 4/13: 1697831909_wp_links (30.77%)
[INFO] [2023-10-20 20:01:41] Adjustments are not required for this table.
[STEP] [2023-10-20 20:01:41] Performing database adjustments for table 5/13: 1697831909_wp_options (38.46%)
[INFO] [2023-10-20 20:01:41] Batch for path adjustment (1/1) updated: 2 fields.
[INFO] [2023-10-20 20:01:42] Batch for domain (variant D) adjustments (1/1) updated: 2 fields.
[STEP] [2023-10-20 20:01:43] Performing database adjustments for table 6/13: 1697831909_wp_postmeta (46.15%)
[INFO] [2023-10-20 20:01:44] Adjustments are not required for this table.
[STEP] [2023-10-20 20:01:44] Performing database adjustments for table 7/13: 1697831909_wp_posts (53.85%)
[INFO] [2023-10-20 20:01:45] Batch for domain (variant D) adjustments (1/4) updated: 50 fields.
[INFO] [2023-10-20 20:01:45] Batch for domain (variant D) adjustments (2/4) updated: 50 fields.
[INFO] [2023-10-20 20:01:45] Batch for domain (variant D) adjustments (3/4) updated: 50 fields.
[INFO] [2023-10-20 20:01:46] Batch for domain (variant D) adjustments (4/4) updated: 22 fields.
[STEP] [2023-10-20 20:01:46] Performing database adjustments for table 8/13: 1697831909_wp_term_relationships (61.54%)
[INFO] [2023-10-20 20:01:47] Adjustments are not required for this table.
[STEP] [2023-10-20 20:01:48] Performing database adjustments for table 9/13: 1697831909_wp_term_taxonomy (69.23%)
[INFO] [2023-10-20 20:01:49] Adjustments are not required for this table.
[STEP] [2023-10-20 20:01:49] Performing database adjustments for table 10/13: 1697831909_wp_termmeta (76.92%)
[INFO] [2023-10-20 20:01:50] Adjustments are not required for this table.
[STEP] [2023-10-20 20:01:50] Performing database adjustments for table 11/13: 1697831909_wp_terms (84.62%)
[INFO] [2023-10-20 20:01:52] Adjustments are not required for this table.
[STEP] [2023-10-20 20:01:52] Performing database adjustments for table 12/13: 1697831909_wp_usermeta (92.31%)
[INFO] [2023-10-20 20:01:53] Adjustments are not required for this table.
[STEP] [2023-10-20 20:01:53] Performing database adjustments for table 13/13: 1697831909_wp_users (100.00%)
[INFO] [2023-10-20 20:01:54] Batch for domain (variant D) adjustments (1/1) updated: 1 fields.
[SUCCESS] [2023-10-20 20:01:55] Recherche et remplacement bien terminés.
[SUCCESS] [2023-10-20 20:01:55] Base de données restaurée
[STEP] [2023-10-20 20:01:55] Effectuer le remplacement de table
[INFO] [2023-10-20 20:01:55] Table 1697831909_wp_commentmeta renommée en wp_commentmeta
[INFO] [2023-10-20 20:01:55] Table 1697831909_wp_comments renommée en wp_comments
[INFO] [2023-10-20 20:01:55] Table 1697831909_wp_e_events renommée en wp_e_events
[INFO] [2023-10-20 20:01:55] Table 1697831909_wp_links renommée en wp_links
[INFO] [2023-10-20 20:01:55] Table 1697831909_wp_options renommée en wp_options
[INFO] [2023-10-20 20:01:55] Table 1697831909_wp_postmeta renommée en wp_postmeta
[INFO] [2023-10-20 20:01:55] Table 1697831909_wp_posts renommée en wp_posts
[INFO] [2023-10-20 20:01:55] Table 1697831909_wp_term_relationships renommée en wp_term_relationships
[INFO] [2023-10-20 20:01:55] Table 1697831909_wp_term_taxonomy renommée en wp_term_taxonomy
[INFO] [2023-10-20 20:01:55] Table 1697831909_wp_termmeta renommée en wp_termmeta
[INFO] [2023-10-20 20:01:55] Table 1697831909_wp_terms renommée en wp_terms
[INFO] [2023-10-20 20:01:55] Table 1697831909_wp_usermeta renommée en wp_usermeta
[INFO] [2023-10-20 20:01:55] Table 1697831909_wp_users renommée en wp_users
[SUCCESS] [2023-10-20 20:01:55] Toutes les tables remplacées
[STEP] [2023-10-20 20:01:55] Activation des extensions incluses dans la sauvegarde
[VERBOSE] [2023-10-20 20:01:55] Detected version WP/PHP for plugin: backup-backup/backup-backup.php, is (4.6/5.6)
[INFO] [2023-10-20 20:01:55] Extension backup-backup/backup-backup.php bien activée.
[VERBOSE] [2023-10-20 20:01:55] Detected version WP/PHP for plugin: contact-form-7/wp-contact-form-7.php, is (6.2/7.4)
[INFO] [2023-10-20 20:01:55] Extension contact-form-7/wp-contact-form-7.php bien activée.
[SUCCESS] [2023-10-20 20:01:55] Toutes les extensions activées, vous êtes prêt à partir :)
[SUCCESS] [2023-10-20 20:01:55] Base de données restaurée
[VERBOSE] [2023-10-20 20:01:55] Detected table prefix: wp_
[VERBOSE] [2023-10-20 20:01:55] Forwarded table prefix: wp_
[VERBOSE] [2023-10-20 20:01:55] Manifest table prefix: wp_
[STEP] [2023-10-20 20:01:55] Restauration du fichier wp-config…
[SUCCESS] [2023-10-20 20:01:55] WP-Config restauré
[STEP] [2023-10-20 20:01:55] Faire une nouvelle session de connexion
[SUCCESS] [2023-10-20 20:01:55] L’utilisateur doit être connecté
[STEP] [2023-10-20 20:01:55] Effacement du cache des modèles Elementor…
[SUCCESS] [2023-10-20 20:01:55] Cache Elementor effacé !
[STEP] [2023-10-20 20:01:55] Nettoyage des fichiers temporaires…
[INFO] [2023-10-20 20:01:55] Suppression110 fichiers
[SUCCESS] [2023-10-20 20:01:55] Fichiers temporaires nettoyés
[INFO] [2023-10-20 20:01:55] La procédure de restauration a pris :32 seconds.
[SUCCESS] [2023-10-20 20:01:55] Procédure de restauration terminée
[STEP] [2023-10-20 20:01:55] Finalisation des fichiers restaurés
[INFO] [2023-10-20 20:01:55] Déverrouillage de la migration
[END-CODE] [2023-10-20 20:01:55] #001
